<?xml version="1.0" encoding="UTF-8" standalone="no"?>
<testsuite failures="1" name="cucumber.runtime.formatter.JUnitFormatter" skipped="0" tests="3" time="29.596241">
<testcase classname="Forgot Password Functionality" name="_2" time="8.175576">
<system-out><![CDATA[Given user is in facebook login page........................................passed
When user clicks the forgotten password.....................................passed
And user enters the mobile number or email..................................passed
Then user is in reset password page.........................................passed
]]></system-out>
</testcase>
<testcase classname="Login functionality of Facebook application" name="To check login invalid username and invalid password" time="14.966868">
<system-out><![CDATA[When user enters invalid username and invalid password......................passed
And user clicks the login button............................................passed
Then user must be in invalid credentials page...............................passed
]]></system-out>
</testcase>
<testcase classname="Login functionality of Facebook application" name="To check login valid username and valid password" time="6.453797">
<failure message="java.lang.IndexOutOfBoundsException: Index: 5, Size: 2&#13;&#10;&#9;at java.util.ArrayList.rangeCheck(Unknown Source)&#13;&#10;&#9;at java.util.ArrayList.get(Unknown Source)&#13;&#10;&#9;at java.util.Collections$UnmodifiableList.get(Unknown Source)&#13;&#10;&#9;at org.stepdefinition.LoginStepDefinition.user_enters_valid_username_and_valid_password(LoginStepDefinition.java:59)&#13;&#10;&#9;at ✽.user enters valid username and valid password(file:src/test/resources/FeatureFiles/Login.feature:12)&#13;&#10;"><![CDATA[When user enters valid username and valid password..........................failed
And user clicks the login button............................................skipped
Then user must be in invalid credentials page...............................skipped

StackTrace:
java.lang.IndexOutOfBoundsException: Index: 5, Size: 2
	at java.util.ArrayList.rangeCheck(Unknown Source)
	at java.util.ArrayList.get(Unknown Source)
	at java.util.Collections$UnmodifiableList.get(Unknown Source)
	at org.stepdefinition.LoginStepDefinition.user_enters_valid_username_and_valid_password(LoginStepDefinition.java:59)
	at ✽.user enters valid username and valid password(file:src/test/resources/FeatureFiles/Login.feature:12)
]]></failure>
</testcase>
</testsuite>
