<?xml version="1.0" encoding="UTF-8" standalone="no"?>
<testsuite failures="0" name="cucumber.runtime.formatter.JUnitFormatter" skipped="0" tests="3" time="32.02672">
<testcase classname="Forgot Password Functionality" name="_2" time="7.896044">
<system-out><![CDATA[Given user is in facebook login page........................................passed
When user clicks the forgotten password.....................................passed
And user enters the mobile number or email..................................passed
Then user is in reset password page.........................................passed
]]></system-out>
</testcase>
<testcase classname="Login functionality of Facebook application" name="To check login invalid username and invalid password" time="14.763454">
<system-out><![CDATA[When user enters invalid username and invalid password......................passed
And user clicks the login button............................................passed
Then user must be in invalid credentials page...............................passed
]]></system-out>
</testcase>
<testcase classname="Login functionality of Facebook application" name="To check login valid username and valid password" time="9.367222">
<system-out><![CDATA[When user enters valid username and valid password..........................passed
And user clicks the login button............................................passed
Then user must be in invalid credentials page...............................passed
]]></system-out>
</testcase>
</testsuite>
